Build started 12/19/2015 3:51:55 PM.
     1>Project "C:\Users\Andrew\Documents\GitHub\cs3113\SpaceShooter\NYUCodebase\NYUCodebase.vcxproj" on node 2 (Build target(s)).
     1>ClCompile:
         D:\Visual Studio\VC\bin\CL.exe /c /IC:\SDL2\include /IC:\SDL2_image\include /IC:\glew\include /IC:\SDL2_mixer\include /ZI /nologo /W3 /WX- /sdl /Od /Oy- /D _WINDOWS /D _MBCS /D _MBCS /Gm /EHsc /RTC1 /MDd /GS /fp:precise /Zc:wchar_t /Zc:forScope /Fo"Debug\\" /Fd"Debug\vc120.pdb" /Gd /TP /analyze- /errorReport:prompt GameApp.cpp
         GameApp.cpp
     1>c:\users\andrew\documents\github\cs3113\spaceshooter\nyucodebase\gameapp.cpp(175): warning C4018: '<' : signed/unsigned mismatch
     1>c:\users\andrew\documents\github\cs3113\spaceshooter\nyucodebase\gameapp.cpp(194): warning C4018: '<' : signed/unsigned mismatch
     1>c:\users\andrew\documents\github\cs3113\spaceshooter\nyucodebase\gameapp.cpp(239): warning C4244: '+=' : conversion from 'double' to 'float', possible loss of data
     1>c:\users\andrew\documents\github\cs3113\spaceshooter\nyucodebase\gameapp.cpp(245): warning C4244: '-=' : conversion from 'double' to 'float', possible loss of data
     1>c:\users\andrew\documents\github\cs3113\spaceshooter\nyucodebase\gameapp.cpp(271): warning C4244: '+=' : conversion from 'double' to 'float', possible loss of data
     1>c:\users\andrew\documents\github\cs3113\spaceshooter\nyucodebase\gameapp.cpp(277): warning C4244: '-=' : conversion from 'double' to 'float', possible loss of data
     1>c:\users\andrew\documents\github\cs3113\spaceshooter\nyucodebase\gameapp.cpp(303): warning C4244: '+=' : conversion from 'double' to 'float', possible loss of data
     1>c:\users\andrew\documents\github\cs3113\spaceshooter\nyucodebase\gameapp.cpp(309): warning C4244: '-=' : conversion from 'double' to 'float', possible loss of data
     1>c:\users\andrew\documents\github\cs3113\spaceshooter\nyucodebase\gameapp.cpp(335): warning C4244: '+=' : conversion from 'double' to 'float', possible loss of data
     1>c:\users\andrew\documents\github\cs3113\spaceshooter\nyucodebase\gameapp.cpp(341): warning C4244: '-=' : conversion from 'double' to 'float', possible loss of data
     1>c:\users\andrew\documents\github\cs3113\spaceshooter\nyucodebase\gameapp.cpp(367): warning C4244: '+=' : conversion from 'double' to 'float', possible loss of data
     1>c:\users\andrew\documents\github\cs3113\spaceshooter\nyucodebase\gameapp.cpp(373): warning C4244: '-=' : conversion from 'double' to 'float', possible loss of data
     1>c:\users\andrew\documents\github\cs3113\spaceshooter\nyucodebase\gameapp.cpp(399): warning C4244: '+=' : conversion from 'double' to 'float', possible loss of data
     1>c:\users\andrew\documents\github\cs3113\spaceshooter\nyucodebase\gameapp.cpp(405): warning C4244: '-=' : conversion from 'double' to 'float', possible loss of data
     1>c:\users\andrew\documents\github\cs3113\spaceshooter\nyucodebase\gameapp.cpp(610): warning C4244: 'initializing' : conversion from 'int' to 'float', possible loss of data
     1>c:\users\andrew\documents\github\cs3113\spaceshooter\nyucodebase\gameapp.cpp(611): warning C4244: 'initializing' : conversion from 'int' to 'float', possible loss of data
     1>c:\users\andrew\documents\github\cs3113\spaceshooter\nyucodebase\gameapp.cpp(612): warning C4244: '+=' : conversion from 'double' to 'float', possible loss of data
     1>c:\users\andrew\documents\github\cs3113\spaceshooter\nyucodebase\gameapp.cpp(613): warning C4244: 'initializing' : conversion from 'int' to 'float', possible loss of data
     1>c:\users\andrew\documents\github\cs3113\spaceshooter\nyucodebase\gameapp.cpp(614): warning C4244: 'initializing' : conversion from 'int' to 'float', possible loss of data
     1>c:\users\andrew\documents\github\cs3113\spaceshooter\nyucodebase\gameapp.cpp(615): warning C4244: '+=' : conversion from 'double' to 'float', possible loss of data
     1>c:\users\andrew\documents\github\cs3113\spaceshooter\nyucodebase\gameapp.cpp(616): warning C4244: 'initializing' : conversion from 'int' to 'float', possible loss of data
     1>c:\users\andrew\documents\github\cs3113\spaceshooter\nyucodebase\gameapp.cpp(617): warning C4244: 'initializing' : conversion from 'int' to 'float', possible loss of data
     1>c:\users\andrew\documents\github\cs3113\spaceshooter\nyucodebase\gameapp.cpp(618): warning C4244: '+=' : conversion from 'double' to 'float', possible loss of data
     1>c:\users\andrew\documents\github\cs3113\spaceshooter\nyucodebase\gameapp.cpp(622): warning C4244: 'initializing' : conversion from 'int' to 'float', possible loss of data
     1>c:\users\andrew\documents\github\cs3113\spaceshooter\nyucodebase\gameapp.cpp(623): warning C4244: 'initializing' : conversion from 'int' to 'float', possible loss of data
     1>c:\users\andrew\documents\github\cs3113\spaceshooter\nyucodebase\gameapp.cpp(624): warning C4244: '=' : conversion from 'double' to 'float', possible loss of data
     1>c:\users\andrew\documents\github\cs3113\spaceshooter\nyucodebase\gameapp.cpp(631): warning C4244: 'initializing' : conversion from 'int' to 'float', possible loss of data
     1>c:\users\andrew\documents\github\cs3113\spaceshooter\nyucodebase\gameapp.cpp(632): warning C4244: 'initializing' : conversion from 'int' to 'float', possible loss of data
     1>c:\users\andrew\documents\github\cs3113\spaceshooter\nyucodebase\gameapp.cpp(633): warning C4244: '+=' : conversion from 'double' to 'float', possible loss of data
     1>c:\users\andrew\documents\github\cs3113\spaceshooter\nyucodebase\gameapp.cpp(634): warning C4244: 'initializing' : conversion from 'int' to 'float', possible loss of data
     1>c:\users\andrew\documents\github\cs3113\spaceshooter\nyucodebase\gameapp.cpp(635): warning C4244: 'initializing' : conversion from 'int' to 'float', possible loss of data
     1>c:\users\andrew\documents\github\cs3113\spaceshooter\nyucodebase\gameapp.cpp(636): warning C4244: '+=' : conversion from 'double' to 'float', possible loss of data
     1>c:\users\andrew\documents\github\cs3113\spaceshooter\nyucodebase\gameapp.cpp(647): warning C4018: '<' : signed/unsigned mismatch
     1>c:\users\andrew\documents\github\cs3113\spaceshooter\nyucodebase\gameapp.cpp(657): warning C4018: '<' : signed/unsigned mismatch
     1>c:\users\andrew\documents\github\cs3113\spaceshooter\nyucodebase\gameapp.cpp(665): warning C4018: '<' : signed/unsigned mismatch
     1>c:\users\andrew\documents\github\cs3113\spaceshooter\nyucodebase\gameapp.cpp(712): warning C4018: '<' : signed/unsigned mismatch
     1>c:\users\andrew\documents\github\cs3113\spaceshooter\nyucodebase\gameapp.cpp(714): warning C4018: '<' : signed/unsigned mismatch
     1>c:\users\andrew\documents\github\cs3113\spaceshooter\nyucodebase\gameapp.cpp(732): warning C4018: '<' : signed/unsigned mismatch
     1>c:\users\andrew\documents\github\cs3113\spaceshooter\nyucodebase\gameapp.cpp(743): warning C4018: '<' : signed/unsigned mismatch
     1>c:\users\andrew\documents\github\cs3113\spaceshooter\nyucodebase\gameapp.cpp(777): warning C4018: '<' : signed/unsigned mismatch
     1>c:\users\andrew\documents\github\cs3113\spaceshooter\nyucodebase\gameapp.cpp(785): warning C4018: '<' : signed/unsigned mismatch
     1>c:\users\andrew\documents\github\cs3113\spaceshooter\nyucodebase\gameapp.cpp(811): warning C4018: '<' : signed/unsigned mismatch
       Link:
         D:\Visual Studio\VC\bin\link.exe /ERRORREPORT:PROMPT /OUT:"C:\Users\Andrew\Documents\GitHub\cs3113\SpaceShooter\Debug\NYUCodebase.exe" /INCREMENTAL /NOLOGO /LIBPATH:C:\SDL2_mixer\lib\x86 /LIBPATH:C:\SDL2\lib\x86 /LIBPATH:C:\SDL2_image\lib\x86 /LIBPATH:C:\glew\lib\Release\Win32 SDL2.lib SDL2_mixer.lib glew32.lib SDL2main.lib SDL2_image.lib OpenGL32.lib /MANIFEST /MANIFESTUAC:"level='asInvoker' uiAccess='false'" /manifest:embed /DEBUG /PDB:"C:\Users\Andrew\Documents\GitHub\cs3113\SpaceShooter\Debug\NYUCodebase.pdb" /SUBSYSTEM:WINDOWS /TLBID:1 /DYNAMICBASE /NXCOMPAT /IMPLIB:"C:\Users\Andrew\Documents\GitHub\cs3113\SpaceShooter\Debug\NYUCodebase.lib" /MACHINE:X86 Debug\Bullet.obj
         Debug\Entity.obj
         Debug\GameApp.obj
         Debug\main.obj
         Debug\Matrix.obj
         Debug\ShaderProgram.obj
         NYUCodebase.vcxproj -> C:\Users\Andrew\Documents\GitHub\cs3113\SpaceShooter\Debug\NYUCodebase.exe
     1>Done Building Project "C:\Users\Andrew\Documents\GitHub\cs3113\SpaceShooter\NYUCodebase\NYUCodebase.vcxproj" (Build target(s)).

Build succeeded.

Time Elapsed 00:00:00.67
