Build started 11/3/2015 6:53:33 PM.
     1>Project "C:\Users\Andrew\Documents\GitHub\cs3113\Pong\Pong\NYUCodebase\NYUCodebase.vcxproj" on node 2 (Build target(s)).
     1>ClCompile:
         D:\Visual Studio\VC\bin\CL.exe /c /IC:\SDL2\include /IC:\SDL2_image\include /IC:\glew\include /IC:\SDL2_mixer\include /ZI /nologo /W3 /WX- /sdl /Od /Oy- /D _WINDOWS /D _MBCS /D _MBCS /Gm /EHsc /RTC1 /MDd /GS /fp:precise /Zc:wchar_t /Zc:forScope /Fo"Debug\\" /Fd"Debug\vc120.pdb" /Gd /TP /analyze- /errorReport:prompt PongApp.cpp main.cpp
         PongApp.cpp
         Generating Code...
         Compiling...
         main.cpp
         Generating Code...
       Link:
         D:\Visual Studio\VC\bin\link.exe /ERRORREPORT:PROMPT /OUT:"C:\Users\Andrew\Documents\GitHub\cs3113\Pong\Pong\Debug\NYUCodebase.exe" /INCREMENTAL /NOLOGO /LIBPATH:C:\SDL2_mixer\lib\x86 /LIBPATH:C:\SDL2\lib\x86 /LIBPATH:C:\SDL2_image\lib\x86 /LIBPATH:C:\glew\lib\Release\Win32 SDL2.lib SDL2_mixer.lib glew32.lib SDL2main.lib SDL2_image.lib OpenGL32.lib /MANIFEST /MANIFESTUAC:"level='asInvoker' uiAccess='false'" /manifest:embed /DEBUG /PDB:"C:\Users\Andrew\Documents\GitHub\cs3113\Pong\Pong\Debug\NYUCodebase.pdb" /SUBSYSTEM:WINDOWS /TLBID:1 /DYNAMICBASE /NXCOMPAT /IMPLIB:"C:\Users\Andrew\Documents\GitHub\cs3113\Pong\Pong\Debug\NYUCodebase.lib" /MACHINE:X86 Debug\Ball.obj
         Debug\main.obj
         Debug\Matrix.obj
         Debug\Paddle.obj
         Debug\PongApp.obj
         Debug\ShaderProgram.obj
         NYUCodebase.vcxproj -> C:\Users\Andrew\Documents\GitHub\cs3113\Pong\Pong\Debug\NYUCodebase.exe
     1>Done Building Project "C:\Users\Andrew\Documents\GitHub\cs3113\Pong\Pong\NYUCodebase\NYUCodebase.vcxproj" (Build target(s)).

Build succeeded.

Time Elapsed 00:00:01.16
