Build started 12/20/2015 9:04:20 PM.
     1>Project "C:\Users\Andrew\Desktop\GalaxyGunner\NYUCodebase\NYUCodebase.vcxproj" on node 2 (Build target(s)).
     1>ClCompile:
         D:\Visual Studio\VC\bin\CL.exe /c /IC:\SDL2\include /IC:\SDL2_image\include /IC:\glew\include /IC:\SDL2_mixer\include /ZI /nologo /W3 /WX- /sdl /Od /Oy- /D _WINDOWS /D _MBCS /D _MBCS /Gm /EHsc /RTC1 /MDd /GS /fp:precise /Zc:wchar_t /Zc:forScope /Fo"Debug\\" /Fd"Debug\vc120.pdb" /Gd /TP /analyze- /errorReport:prompt GameApp.cpp
         GameApp.cpp
     1>c:\users\andrew\desktop\galaxygunner\nyucodebase\gameapp.cpp(172): warning C4018: '<' : signed/unsigned mismatch
     1>c:\users\andrew\desktop\galaxygunner\nyucodebase\gameapp.cpp(191): warning C4018: '<' : signed/unsigned mismatch
     1>c:\users\andrew\desktop\galaxygunner\nyucodebase\gameapp.cpp(238): warning C4244: '+=' : conversion from 'double' to 'float', possible loss of data
     1>c:\users\andrew\desktop\galaxygunner\nyucodebase\gameapp.cpp(244): warning C4244: '-=' : conversion from 'double' to 'float', possible loss of data
     1>c:\users\andrew\desktop\galaxygunner\nyucodebase\gameapp.cpp(275): warning C4244: '+=' : conversion from 'double' to 'float', possible loss of data
     1>c:\users\andrew\desktop\galaxygunner\nyucodebase\gameapp.cpp(281): warning C4244: '-=' : conversion from 'double' to 'float', possible loss of data
     1>c:\users\andrew\desktop\galaxygunner\nyucodebase\gameapp.cpp(461): warning C4018: '<' : signed/unsigned mismatch
     1>c:\users\andrew\desktop\galaxygunner\nyucodebase\gameapp.cpp(471): warning C4018: '<' : signed/unsigned mismatch
     1>c:\users\andrew\desktop\galaxygunner\nyucodebase\gameapp.cpp(514): warning C4018: '<' : signed/unsigned mismatch
     1>c:\users\andrew\desktop\galaxygunner\nyucodebase\gameapp.cpp(523): warning C4018: '<' : signed/unsigned mismatch
     1>c:\users\andrew\desktop\galaxygunner\nyucodebase\gameapp.cpp(535): warning C4018: '<' : signed/unsigned mismatch
     1>c:\users\andrew\desktop\galaxygunner\nyucodebase\gameapp.cpp(566): warning C4018: '<' : signed/unsigned mismatch
     1>c:\users\andrew\desktop\galaxygunner\nyucodebase\gameapp.cpp(584): warning C4018: '<' : signed/unsigned mismatch
     1>c:\users\andrew\desktop\galaxygunner\nyucodebase\gameapp.cpp(638): warning C4244: 'initializing' : conversion from 'int' to 'float', possible loss of data
     1>c:\users\andrew\desktop\galaxygunner\nyucodebase\gameapp.cpp(639): warning C4244: 'initializing' : conversion from 'int' to 'float', possible loss of data
     1>c:\users\andrew\desktop\galaxygunner\nyucodebase\gameapp.cpp(640): warning C4244: '+=' : conversion from 'double' to 'float', possible loss of data
     1>c:\users\andrew\desktop\galaxygunner\nyucodebase\gameapp.cpp(641): warning C4244: 'initializing' : conversion from 'int' to 'float', possible loss of data
     1>c:\users\andrew\desktop\galaxygunner\nyucodebase\gameapp.cpp(642): warning C4244: 'initializing' : conversion from 'int' to 'float', possible loss of data
     1>c:\users\andrew\desktop\galaxygunner\nyucodebase\gameapp.cpp(643): warning C4244: '+=' : conversion from 'double' to 'float', possible loss of data
     1>c:\users\andrew\desktop\galaxygunner\nyucodebase\gameapp.cpp(644): warning C4244: 'initializing' : conversion from 'int' to 'float', possible loss of data
     1>c:\users\andrew\desktop\galaxygunner\nyucodebase\gameapp.cpp(645): warning C4244: 'initializing' : conversion from 'int' to 'float', possible loss of data
     1>c:\users\andrew\desktop\galaxygunner\nyucodebase\gameapp.cpp(646): warning C4244: '+=' : conversion from 'double' to 'float', possible loss of data
     1>c:\users\andrew\desktop\galaxygunner\nyucodebase\gameapp.cpp(650): warning C4244: 'initializing' : conversion from 'int' to 'float', possible loss of data
     1>c:\users\andrew\desktop\galaxygunner\nyucodebase\gameapp.cpp(651): warning C4244: 'initializing' : conversion from 'int' to 'float', possible loss of data
     1>c:\users\andrew\desktop\galaxygunner\nyucodebase\gameapp.cpp(652): warning C4244: '=' : conversion from 'double' to 'float', possible loss of data
     1>c:\users\andrew\desktop\galaxygunner\nyucodebase\gameapp.cpp(659): warning C4244: 'initializing' : conversion from 'int' to 'float', possible loss of data
     1>c:\users\andrew\desktop\galaxygunner\nyucodebase\gameapp.cpp(660): warning C4244: 'initializing' : conversion from 'int' to 'float', possible loss of data
     1>c:\users\andrew\desktop\galaxygunner\nyucodebase\gameapp.cpp(661): warning C4244: '+=' : conversion from 'double' to 'float', possible loss of data
     1>c:\users\andrew\desktop\galaxygunner\nyucodebase\gameapp.cpp(662): warning C4244: 'initializing' : conversion from 'int' to 'float', possible loss of data
     1>c:\users\andrew\desktop\galaxygunner\nyucodebase\gameapp.cpp(663): warning C4244: 'initializing' : conversion from 'int' to 'float', possible loss of data
     1>c:\users\andrew\desktop\galaxygunner\nyucodebase\gameapp.cpp(664): warning C4244: '+=' : conversion from 'double' to 'float', possible loss of data
     1>c:\users\andrew\desktop\galaxygunner\nyucodebase\gameapp.cpp(715): warning C4018: '<' : signed/unsigned mismatch
     1>c:\users\andrew\desktop\galaxygunner\nyucodebase\gameapp.cpp(717): warning C4018: '<' : signed/unsigned mismatch
     1>c:\users\andrew\desktop\galaxygunner\nyucodebase\gameapp.cpp(734): warning C4018: '<' : signed/unsigned mismatch
     1>c:\users\andrew\desktop\galaxygunner\nyucodebase\gameapp.cpp(743): warning C4018: '<' : signed/unsigned mismatch
     1>c:\users\andrew\desktop\galaxygunner\nyucodebase\gameapp.cpp(759): warning C4018: '<' : signed/unsigned mismatch
       Link:
         D:\Visual Studio\VC\bin\link.exe /ERRORREPORT:PROMPT /OUT:"C:\Users\Andrew\Desktop\GalaxyGunner\Debug\NYUCodebase.exe" /INCREMENTAL /NOLOGO /LIBPATH:C:\SDL2_mixer\lib\x86 /LIBPATH:C:\SDL2\lib\x86 /LIBPATH:C:\SDL2_image\lib\x86 /LIBPATH:C:\glew\lib\Release\Win32 SDL2.lib SDL2_mixer.lib glew32.lib SDL2main.lib SDL2_image.lib OpenGL32.lib /MANIFEST /MANIFESTUAC:"level='asInvoker' uiAccess='false'" /manifest:embed /DEBUG /PDB:"C:\Users\Andrew\Desktop\GalaxyGunner\Debug\NYUCodebase.pdb" /SUBSYSTEM:WINDOWS /TLBID:1 /DYNAMICBASE /NXCOMPAT /IMPLIB:"C:\Users\Andrew\Desktop\GalaxyGunner\Debug\NYUCodebase.lib" /MACHINE:X86 Debug\Bullet.obj
         Debug\Entity.obj
         Debug\GameApp.obj
         Debug\main.obj
         Debug\Matrix.obj
         Debug\ShaderProgram.obj
         NYUCodebase.vcxproj -> C:\Users\Andrew\Desktop\GalaxyGunner\Debug\NYUCodebase.exe
     1>Done Building Project "C:\Users\Andrew\Desktop\GalaxyGunner\NYUCodebase\NYUCodebase.vcxproj" (Build target(s)).

Build succeeded.

Time Elapsed 00:00:00.79
