Build started 10/13/2015 7:00:19 PM.
     1>Project "C:\Users\Andrew\Documents\GitHub\cs3113\Invader\NYUCodebase\NYUCodebase.vcxproj" on node 2 (Build target(s)).
     1>ClCompile:
         D:\Visual Studio\VC\bin\CL.exe /c /IC:\SDL2\include /IC:\SDL2_image\include /IC:\glew\include /IC:\SDL2_mixer\include /ZI /nologo /W3 /WX- /sdl /Od /Oy- /D _WINDOWS /D _MBCS /D _MBCS /Gm /EHsc /RTC1 /MDd /GS /fp:precise /Zc:wchar_t /Zc:forScope /Fo"Debug\\" /Fd"Debug\vc120.pdb" /Gd /TP /analyze- /errorReport:prompt GameApp.cpp
         GameApp.cpp
     1>c:\users\andrew\documents\github\cs3113\invader\nyucodebase\gameapp.cpp(39): warning C4018: '<' : signed/unsigned mismatch
     1>c:\users\andrew\documents\github\cs3113\invader\nyucodebase\gameapp.cpp(79): warning C4244: 'initializing' : conversion from 'double' to 'float', possible loss of data
     1>c:\users\andrew\documents\github\cs3113\invader\nyucodebase\gameapp.cpp(80): warning C4244: 'initializing' : conversion from 'double' to 'float', possible loss of data
     1>c:\users\andrew\documents\github\cs3113\invader\nyucodebase\gameapp.cpp(162): warning C4244: 'argument' : conversion from 'double' to 'float', possible loss of data
     1>c:\users\andrew\documents\github\cs3113\invader\nyucodebase\gameapp.cpp(167): warning C4244: 'argument' : conversion from 'double' to 'float', possible loss of data
     1>c:\users\andrew\documents\github\cs3113\invader\nyucodebase\gameapp.cpp(207): warning C4018: '<' : signed/unsigned mismatch
     1>c:\users\andrew\documents\github\cs3113\invader\nyucodebase\gameapp.cpp(234): warning C4018: '<' : signed/unsigned mismatch
     1>c:\users\andrew\documents\github\cs3113\invader\nyucodebase\gameapp.cpp(244): warning C4018: '<' : signed/unsigned mismatch
     1>c:\users\andrew\documents\github\cs3113\invader\nyucodebase\gameapp.cpp(301): warning C4018: '<' : signed/unsigned mismatch
     1>c:\users\andrew\documents\github\cs3113\invader\nyucodebase\gameapp.cpp(309): warning C4018: '<' : signed/unsigned mismatch
     1>c:\users\andrew\documents\github\cs3113\invader\nyucodebase\gameapp.cpp(336): warning C4244: 'argument' : conversion from 'time_t' to 'unsigned int', possible loss of data
     1>c:\users\andrew\documents\github\cs3113\invader\nyucodebase\gameapp.cpp(346): warning C4018: '<' : signed/unsigned mismatch
     1>c:\users\andrew\documents\github\cs3113\invader\nyucodebase\gameapp.cpp(348): warning C4244: 'argument' : conversion from 'double' to 'float', possible loss of data
     1>c:\users\andrew\documents\github\cs3113\invader\nyucodebase\gameapp.cpp(353): warning C4244: 'initializing' : conversion from 'double' to 'float', possible loss of data
     1>c:\users\andrew\documents\github\cs3113\invader\nyucodebase\gameapp.cpp(354): warning C4244: 'initializing' : conversion from 'double' to 'float', possible loss of data
     1>c:\users\andrew\documents\github\cs3113\invader\nyucodebase\gameapp.cpp(355): warning C4244: 'initializing' : conversion from 'double' to 'float', possible loss of data
     1>c:\users\andrew\documents\github\cs3113\invader\nyucodebase\gameapp.cpp(356): warning C4244: 'initializing' : conversion from 'double' to 'float', possible loss of data
     1>c:\users\andrew\documents\github\cs3113\invader\nyucodebase\gameapp.cpp(358): warning C4244: 'initializing' : conversion from 'double' to 'float', possible loss of data
     1>c:\users\andrew\documents\github\cs3113\invader\nyucodebase\gameapp.cpp(359): warning C4244: 'initializing' : conversion from 'double' to 'float', possible loss of data
     1>c:\users\andrew\documents\github\cs3113\invader\nyucodebase\gameapp.cpp(360): warning C4244: 'initializing' : conversion from 'double' to 'float', possible loss of data
     1>c:\users\andrew\documents\github\cs3113\invader\nyucodebase\gameapp.cpp(361): warning C4244: 'initializing' : conversion from 'double' to 'float', possible loss of data
     1>c:\users\andrew\documents\github\cs3113\invader\nyucodebase\gameapp.cpp(371): warning C4018: '<' : signed/unsigned mismatch
     1>c:\users\andrew\documents\github\cs3113\invader\nyucodebase\gameapp.cpp(387): warning C4018: '<' : signed/unsigned mismatch
     1>c:\users\andrew\documents\github\cs3113\invader\nyucodebase\gameapp.cpp(401): warning C4018: '<' : signed/unsigned mismatch
       Link:
         D:\Visual Studio\VC\bin\link.exe /ERRORREPORT:PROMPT /OUT:"C:\Users\Andrew\Documents\GitHub\cs3113\Invader\Debug\NYUCodebase.exe" /INCREMENTAL /NOLOGO /LIBPATH:C:\SDL2_mixer\lib\x86 /LIBPATH:C:\SDL2\lib\x86 /LIBPATH:C:\SDL2_image\lib\x86 /LIBPATH:C:\glew\lib\Release\Win32 SDL2.lib SDL2_mixer.lib glew32.lib SDL2main.lib SDL2_image.lib OpenGL32.lib /MANIFEST /MANIFESTUAC:"level='asInvoker' uiAccess='false'" /manifest:embed /DEBUG /PDB:"C:\Users\Andrew\Documents\GitHub\cs3113\Invader\Debug\NYUCodebase.pdb" /SUBSYSTEM:WINDOWS /TLBID:1 /DYNAMICBASE /NXCOMPAT /IMPLIB:"C:\Users\Andrew\Documents\GitHub\cs3113\Invader\Debug\NYUCodebase.lib" /MACHINE:X86 Debug\Bullet.obj
         Debug\Entity.obj
         Debug\GameApp.obj
         Debug\main.obj
         Debug\Matrix.obj
         Debug\ShaderProgram.obj
         Debug\Source.obj
         NYUCodebase.vcxproj -> C:\Users\Andrew\Documents\GitHub\cs3113\Invader\Debug\NYUCodebase.exe
     1>Done Building Project "C:\Users\Andrew\Documents\GitHub\cs3113\Invader\NYUCodebase\NYUCodebase.vcxproj" (Build target(s)).

Build succeeded.

Time Elapsed 00:00:00.84
